-- The C compiler identification is GNU 13.3.0
-- The CXX compiler identification is GNU 13.3.0
-- Detecting C compiler ABI info
-- Detecting C compiler ABI info - done
-- Check for working C compiler: /usr/bin/cc - skipped
-- Detecting C compile features
-- Detecting C compile features - done
-- Detecting CXX compiler ABI info
-- Detecting CXX compiler ABI info - done
-- Check for working CXX compiler: /usr/bin/c++ - skipped
-- Detecting CXX compile features
-- Detecting CXX compile features - done
-- Found ament_cmake: 2.5.4 (/opt/ros/jazzy/share/ament_cmake/cmake)
-- Found Python3: /usr/bin/python3 (found version "3.12.3") found components: Interpreter 
-- Found rclcpp: 28.1.12 (/opt/ros/jazzy/share/rclcpp/cmake)
-- Found rosidl_generator_c: 4.6.6 (/opt/ros/jazzy/share/rosidl_generator_c/cmake)
-- Found rosidl_generator_cpp: 4.6.6 (/opt/ros/jazzy/share/rosidl_generator_cpp/cmake)
-- Using all available rosidl_typesupport_c: rosidl_typesupport_fastrtps_c;rosidl_typesupport_introspection_c
-- Using all available rosidl_typesupport_cpp: rosidl_typesupport_fastrtps_cpp;rosidl_typesupport_introspection_cpp
-- Found rmw_implementation_cmake: 7.3.2 (/opt/ros/jazzy/share/rmw_implementation_cmake/cmake)
-- Found rmw_fastrtps_cpp: 8.4.3 (/opt/ros/jazzy/share/rmw_fastrtps_cpp/cmake)
-- Found OpenSSL: /usr/lib/x86_64-linux-gnu/libcrypto.so (found version "3.0.13")  
-- Found FastRTPS: /opt/ros/jazzy/include (Required is at least version "2.13") 
-- Using RMW implementation 'rmw_fastrtps_cpp' as default
-- Found sensor_msgs: 5.3.6 (/opt/ros/jazzy/share/sensor_msgs/cmake)
-- Found nav_msgs: 5.3.6 (/opt/ros/jazzy/share/nav_msgs/cmake)
-- Found tf2: 0.36.14 (/opt/ros/jazzy/share/tf2/cmake)
-- Found tf2_ros: 0.36.16 (/opt/ros/jazzy/share/tf2_ros/cmake)
-- Found tf2_geometry_msgs: 0.36.20 (/opt/ros/jazzy/share/tf2_geometry_msgs/cmake)
-- Found eigen3_cmake_module: 0.3.0 (/opt/ros/jazzy/share/eigen3_cmake_module/cmake)
-- Found Eigen3: TRUE (found version "3.4.0") 
-- Ensuring Eigen3 include directory is part of orocos-kdl CMake target
-- Found tf2_eigen: 0.36.20 (/opt/ros/jazzy/share/tf2_eigen/cmake)
-- Found pcl_conversions: 2.6.4 (/opt/ros/jazzy/share/pcl_conversions/cmake)
-- Found flann version 1.9.2
-- Found OpenMP_CXX: -fopenmp (found version "4.5") 
-- Found OpenMP: TRUE (found version "4.5") found components: CXX 
-- Checking for module 'libusb-1.0'
--   Found libusb-1.0, version 1.0.27
-- Found libusb: /usr/lib/x86_64-linux-gnu/libusb-1.0.so  
-- OpenNI found (version: 1.5.4.0, include: /usr/include/ni, lib: /usr/lib/libOpenNI.so;libusb::libusb)
-- OpenNI2 found (version: 2.2.0.33, include: /usr/include/openni2, lib: /usr/lib/x86_64-linux-gnu/libOpenNI2.so;libusb::libusb)
-- Could NOT find Pcap (missing: PCAP_LIBRARIES PCAP_INCLUDE_DIRS) 
-- Found ZLIB: /usr/lib/x86_64-linux-gnu/libz.so (found version "1.3")  
-- Found PNG: /usr/lib/x86_64-linux-gnu/libpng.so (found version "1.6.43") 
-- OpenNI found (version: 1.5.4.0, include: /usr/include/ni, lib: /usr/lib/libOpenNI.so;libusb::libusb)
-- OpenNI2 found (version: 2.2.0.33, include: /usr/include/openni2, lib: /usr/lib/x86_64-linux-gnu/libOpenNI2.so;libusb::libusb)
-- Found Qhull version 8.0.2
-- OpenNI found (version: 1.5.4.0, include: /usr/include/ni, lib: /usr/lib/libOpenNI.so;libusb::libusb)
-- Found PCL_COMMON: /usr/lib/x86_64-linux-gnu/libpcl_common.so  
-- Found PCL_KDTREE: /usr/lib/x86_64-linux-gnu/libpcl_kdtree.so  
-- Found PCL_OCTREE: /usr/lib/x86_64-linux-gnu/libpcl_octree.so  
-- Found PCL_SEARCH: /usr/lib/x86_64-linux-gnu/libpcl_search.so  
-- Found PCL_SAMPLE_CONSENSUS: /usr/lib/x86_64-linux-gnu/libpcl_sample_consensus.so  
-- Found PCL_FILTERS: /usr/lib/x86_64-linux-gnu/libpcl_filters.so  
-- Found PCL_2D: /usr/include/pcl-1.14  
-- Found PCL_GEOMETRY: /usr/include/pcl-1.14  
-- Found PCL_IO: /usr/lib/x86_64-linux-gnu/libpcl_io.so  
-- Found PCL_FEATURES: /usr/lib/x86_64-linux-gnu/libpcl_features.so  
-- Found PCL_ML: /usr/lib/x86_64-linux-gnu/libpcl_ml.so  
-- Found PCL_SEGMENTATION: /usr/lib/x86_64-linux-gnu/libpcl_segmentation.so  
-- Found PCL_VISUALIZATION: /usr/lib/x86_64-linux-gnu/libpcl_visualization.so  
-- Found PCL_SURFACE: /usr/lib/x86_64-linux-gnu/libpcl_surface.so  
-- Found PCL_REGISTRATION: /usr/lib/x86_64-linux-gnu/libpcl_registration.so  
-- Found PCL_KEYPOINTS: /usr/lib/x86_64-linux-gnu/libpcl_keypoints.so  
-- Found PCL_TRACKING: /usr/lib/x86_64-linux-gnu/libpcl_tracking.so  
-- Found PCL_RECOGNITION: /usr/lib/x86_64-linux-gnu/libpcl_recognition.so  
-- Found PCL_STEREO: /usr/lib/x86_64-linux-gnu/libpcl_stereo.so  
-- Found PCL_APPS: /usr/lib/x86_64-linux-gnu/libpcl_apps.so  
-- Found PCL_IN_HAND_SCANNER: /usr/include/pcl-1.14  
-- Found PCL_MODELER: /usr/include/pcl-1.14  
-- Found PCL_POINT_CLOUD_EDITOR: /usr/include/pcl-1.14  
-- Found PCL_OUTOFCORE: /usr/lib/x86_64-linux-gnu/libpcl_outofcore.so  
-- Found PCL_PEOPLE: /usr/lib/x86_64-linux-gnu/libpcl_people.so  
-- Configuring done (7.2s)
-- Generating done (0.2s)
-- Build files have been written to: /home/hazem-m-abdelaziz/ros2_ws/src/lidar_pose_estimator/build/lidar_pose_estimator
[ 50%] [32mBuilding CXX object CMakeFiles/lidar_pose_estimator_node.dir/src/lidar_pose_estimator_node.cpp.o[0m
[100%] [32m[1mLinking CXX executable lidar_pose_estimator_node[0m
[100%] Built target lidar_pose_estimator_node
-- Install configuration: "Release"
-- Installing: /home/hazem-m-abdelaziz/ros2_ws/src/lidar_pose_estimator/install/lidar_pose_estimator/lib/lidar_pose_estimator/lidar_pose_estimator_node
-- Set non-toolchain portion of runtime path of "/home/hazem-m-abdelaziz/ros2_ws/src/lidar_pose_estimator/install/lidar_pose_estimator/lib/lidar_pose_estimator/lidar_pose_estimator_node" to ""
-- Installing: /home/hazem-m-abdelaziz/ros2_ws/src/lidar_pose_estimator/install/lidar_pose_estimator/share/ament_index/resource_index/package_run_dependencies/lidar_pose_estimator
-- Installing: /home/hazem-m-abdelaziz/ros2_ws/src/lidar_pose_estimator/install/lidar_pose_estimator/share/ament_index/resource_index/parent_prefix_path/lidar_pose_estimator
-- Installing: /home/hazem-m-abdelaziz/ros2_ws/src/lidar_pose_estimator/install/lidar_pose_estimator/share/lidar_pose_estimator/environment/ament_prefix_path.sh
-- Installing: /home/hazem-m-abdelaziz/ros2_ws/src/lidar_pose_estimator/install/lidar_pose_estimator/share/lidar_pose_estimator/environment/ament_prefix_path.dsv
-- Installing: /home/hazem-m-abdelaziz/ros2_ws/src/lidar_pose_estimator/install/lidar_pose_estimator/share/lidar_pose_estimator/environment/path.sh
-- Installing: /home/hazem-m-abdelaziz/ros2_ws/src/lidar_pose_estimator/install/lidar_pose_estimator/share/lidar_pose_estimator/environment/path.dsv
-- Installing: /home/hazem-m-abdelaziz/ros2_ws/src/lidar_pose_estimator/install/lidar_pose_estimator/share/lidar_pose_estimator/local_setup.bash
-- Installing: /home/hazem-m-abdelaziz/ros2_ws/src/lidar_pose_estimator/install/lidar_pose_estimator/share/lidar_pose_estimator/local_setup.sh
-- Installing: /home/hazem-m-abdelaziz/ros2_ws/src/lidar_pose_estimator/install/lidar_pose_estimator/share/lidar_pose_estimator/local_setup.zsh
-- Installing: /home/hazem-m-abdelaziz/ros2_ws/src/lidar_pose_estimator/install/lidar_pose_estimator/share/lidar_pose_estimator/local_setup.dsv
-- Installing: /home/hazem-m-abdelaziz/ros2_ws/src/lidar_pose_estimator/install/lidar_pose_estimator/share/lidar_pose_estimator/package.dsv
-- Installing: /home/hazem-m-abdelaziz/ros2_ws/src/lidar_pose_estimator/install/lidar_pose_estimator/share/ament_index/resource_index/packages/lidar_pose_estimator
-- Installing: /home/hazem-m-abdelaziz/ros2_ws/src/lidar_pose_estimator/install/lidar_pose_estimator/share/lidar_pose_estimator/cmake/lidar_pose_estimatorConfig.cmake
-- Installing: /home/hazem-m-abdelaziz/ros2_ws/src/lidar_pose_estimator/install/lidar_pose_estimator/share/lidar_pose_estimator/cmake/lidar_pose_estimatorConfig-version.cmake
-- Installing: /home/hazem-m-abdelaziz/ros2_ws/src/lidar_pose_estimator/install/lidar_pose_estimator/share/lidar_pose_estimator/package.xml
