[0.045s] Invoking command in '/home/hazem-m-abdelaziz/ros2_ws/src/lidar_pose_estimator/build/lidar_pose_estimator': CMAKE_PREFIX_PATH=${CMAKE_PREFIX_PATH}:/opt/ros/jazzy DEBUGINFOD_URLS=https://debuginfod.ubuntu.com /usr/bin/cmake /home/hazem-m-abdelaziz/ros2_ws/src/lidar_pose_estimator -DCMAKE_BUILD_TYPE=Release -DCMAKE_INSTALL_PREFIX=/home/hazem-m-abdelaziz/ros2_ws/src/lidar_pose_estimator/install/lidar_pose_estimator
[0.250s] -- The C compiler identification is GNU 13.3.0
[0.433s] -- The CXX compiler identification is GNU 13.3.0
[0.452s] -- Detecting C compiler ABI info
[0.545s] -- Detecting C compiler ABI info - done
[0.558s] -- Check for working C compiler: /usr/bin/cc - skipped
[0.558s] -- Detecting C compile features
[0.582s] -- Detecting C compile features - done
[0.594s] -- Detecting CXX compiler ABI info
[0.696s] -- Detecting CXX compiler ABI info - done
[0.706s] -- Check for working CXX compiler: /usr/bin/c++ - skipped
[0.706s] -- Detecting CXX compile features
[0.706s] -- Detecting CXX compile features - done
[0.756s] -- Found ament_cmake: 2.5.4 (/opt/ros/jazzy/share/ament_cmake/cmake)
[0.985s] -- Found Python3: /usr/bin/python3 (found version "3.12.3") found components: Interpreter 
[1.365s] -- Found rclcpp: 28.1.12 (/opt/ros/jazzy/share/rclcpp/cmake)
[1.577s] -- Found rosidl_generator_c: 4.6.6 (/opt/ros/jazzy/share/rosidl_generator_c/cmake)
[1.630s] -- Found rosidl_generator_cpp: 4.6.6 (/opt/ros/jazzy/share/rosidl_generator_cpp/cmake)
[1.671s] -- Using all available rosidl_typesupport_c: rosidl_typesupport_fastrtps_c;rosidl_typesupport_introspection_c
[1.696s] -- Using all available rosidl_typesupport_cpp: rosidl_typesupport_fastrtps_cpp;rosidl_typesupport_introspection_cpp
[1.937s] -- Found rmw_implementation_cmake: 7.3.2 (/opt/ros/jazzy/share/rmw_implementation_cmake/cmake)
[1.953s] -- Found rmw_fastrtps_cpp: 8.4.3 (/opt/ros/jazzy/share/rmw_fastrtps_cpp/cmake)
[2.180s] -- Found OpenSSL: /usr/lib/x86_64-linux-gnu/libcrypto.so (found version "3.0.13")  
[2.263s] -- Found FastRTPS: /opt/ros/jazzy/include (Required is at least version "2.13") 
[2.300s] -- Using RMW implementation 'rmw_fastrtps_cpp' as default
[2.443s] -- Found sensor_msgs: 5.3.6 (/opt/ros/jazzy/share/sensor_msgs/cmake)
[2.570s] -- Found nav_msgs: 5.3.6 (/opt/ros/jazzy/share/nav_msgs/cmake)
[2.614s] -- Found tf2: 0.36.14 (/opt/ros/jazzy/share/tf2/cmake)
[2.637s] -- Found tf2_ros: 0.36.16 (/opt/ros/jazzy/share/tf2_ros/cmake)
[2.870s] -- Found tf2_geometry_msgs: 0.36.20 (/opt/ros/jazzy/share/tf2_geometry_msgs/cmake)
[2.940s] -- Found eigen3_cmake_module: 0.3.0 (/opt/ros/jazzy/share/eigen3_cmake_module/cmake)
[2.954s] -- Found Eigen3: TRUE (found version "3.4.0") 
[2.954s] -- Ensuring Eigen3 include directory is part of orocos-kdl CMake target
[2.961s] -- Found tf2_eigen: 0.36.20 (/opt/ros/jazzy/share/tf2_eigen/cmake)
[2.967s] -- Found pcl_conversions: 2.6.4 (/opt/ros/jazzy/share/pcl_conversions/cmake)
[3.237s] [33mCMake Warning (dev) at /usr/lib/x86_64-linux-gnu/cmake/pcl/Modules/FindFLANN.cmake:45 (find_package):
[3.237s]   Policy CMP0144 is not set: find_package uses upper-case <PACKAGENAME>_ROOT
[3.237s]   variables.  Run "cmake --help-policy CMP0144" for policy details.  Use the
[3.237s]   cmake_policy command to set the policy and suppress this warning.
[3.237s] 
[3.238s]   CMake variable FLANN_ROOT is set to:
[3.238s] 
[3.238s]     /usr
[3.238s] 
[3.238s]   For compatibility, find_package is ignoring the variable, but code in a
[3.238s]   .cmake module might still use it.
[3.239s] Call Stack (most recent call first):
[3.239s]   /usr/lib/x86_64-linux-gnu/cmake/pcl/PCLConfig.cmake:261 (find_package)
[3.239s]   /usr/lib/x86_64-linux-gnu/cmake/pcl/PCLConfig.cmake:306 (find_flann)
[3.239s]   /usr/lib/x86_64-linux-gnu/cmake/pcl/PCLConfig.cmake:570 (find_external_library)
[3.239s]   /opt/ros/jazzy/share/pcl_conversions/cmake/ament_cmake_export_dependencies-extras.cmake:21 (find_package)
[3.239s]   /opt/ros/jazzy/share/pcl_conversions/cmake/pcl_conversionsConfig.cmake:41 (include)
[3.239s]   CMakeLists.txt:18 (find_package)
[3.239s] This warning is for project developers.  Use -Wno-dev to suppress it.
[3.240s] [0m
[3.256s] -- Found flann version 1.9.2
[3.670s] -- Found OpenMP_CXX: -fopenmp (found version "4.5") 
[3.671s] -- Found OpenMP: TRUE (found version "4.5") found components: CXX 
[5.170s] -- Checking for module 'libusb-1.0'
[5.183s] --   Found libusb-1.0, version 1.0.27
[5.213s] -- Found libusb: /usr/lib/x86_64-linux-gnu/libusb-1.0.so  
[5.214s] -- OpenNI found (version: 1.5.4.0, include: /usr/include/ni, lib: /usr/lib/libOpenNI.so;libusb::libusb)
[5.267s] -- OpenNI2 found (version: 2.2.0.33, include: /usr/include/openni2, lib: /usr/lib/x86_64-linux-gnu/libOpenNI2.so;libusb::libusb)
[5.270s] -- Could NOT find Pcap (missing: PCAP_LIBRARIES PCAP_INCLUDE_DIRS) 
[5.287s] -- Found ZLIB: /usr/lib/x86_64-linux-gnu/libz.so (found version "1.3")  
[5.311s] -- Found PNG: /usr/lib/x86_64-linux-gnu/libpng.so (found version "1.6.43") 
[5.755s] -- OpenNI found (version: 1.5.4.0, include: /usr/include/ni, lib: /usr/lib/libOpenNI.so;libusb::libusb)
[5.760s] -- OpenNI2 found (version: 2.2.0.33, include: /usr/include/openni2, lib: /usr/lib/x86_64-linux-gnu/libOpenNI2.so;libusb::libusb)
[6.233s] -- Found Qhull version 8.0.2
[6.682s] -- OpenNI found (version: 1.5.4.0, include: /usr/include/ni, lib: /usr/lib/libOpenNI.so;libusb::libusb)
[7.113s] -- Found PCL_COMMON: /usr/lib/x86_64-linux-gnu/libpcl_common.so  
[7.114s] -- Found PCL_KDTREE: /usr/lib/x86_64-linux-gnu/libpcl_kdtree.so  
[7.116s] -- Found PCL_OCTREE: /usr/lib/x86_64-linux-gnu/libpcl_octree.so  
[7.117s] -- Found PCL_SEARCH: /usr/lib/x86_64-linux-gnu/libpcl_search.so  
[7.118s] -- Found PCL_SAMPLE_CONSENSUS: /usr/lib/x86_64-linux-gnu/libpcl_sample_consensus.so  
[7.120s] -- Found PCL_FILTERS: /usr/lib/x86_64-linux-gnu/libpcl_filters.so  
[7.120s] -- Found PCL_2D: /usr/include/pcl-1.14  
[7.121s] -- Found PCL_GEOMETRY: /usr/include/pcl-1.14  
[7.122s] -- Found PCL_IO: /usr/lib/x86_64-linux-gnu/libpcl_io.so  
[7.123s] -- Found PCL_FEATURES: /usr/lib/x86_64-linux-gnu/libpcl_features.so  
[7.125s] -- Found PCL_ML: /usr/lib/x86_64-linux-gnu/libpcl_ml.so  
[7.126s] -- Found PCL_SEGMENTATION: /usr/lib/x86_64-linux-gnu/libpcl_segmentation.so  
[7.128s] -- Found PCL_VISUALIZATION: /usr/lib/x86_64-linux-gnu/libpcl_visualization.so  
[7.129s] -- Found PCL_SURFACE: /usr/lib/x86_64-linux-gnu/libpcl_surface.so  
[7.130s] -- Found PCL_REGISTRATION: /usr/lib/x86_64-linux-gnu/libpcl_registration.so  
[7.132s] -- Found PCL_KEYPOINTS: /usr/lib/x86_64-linux-gnu/libpcl_keypoints.so  
[7.133s] -- Found PCL_TRACKING: /usr/lib/x86_64-linux-gnu/libpcl_tracking.so  
[7.135s] -- Found PCL_RECOGNITION: /usr/lib/x86_64-linux-gnu/libpcl_recognition.so  
[7.136s] -- Found PCL_STEREO: /usr/lib/x86_64-linux-gnu/libpcl_stereo.so  
[7.138s] -- Found PCL_APPS: /usr/lib/x86_64-linux-gnu/libpcl_apps.so  
[7.139s] -- Found PCL_IN_HAND_SCANNER: /usr/include/pcl-1.14  
[7.139s] -- Found PCL_MODELER: /usr/include/pcl-1.14  
[7.139s] -- Found PCL_POINT_CLOUD_EDITOR: /usr/include/pcl-1.14  
[7.141s] -- Found PCL_OUTOFCORE: /usr/lib/x86_64-linux-gnu/libpcl_outofcore.so  
[7.142s] -- Found PCL_PEOPLE: /usr/lib/x86_64-linux-gnu/libpcl_people.so  
[7.246s] -- Configuring done (7.2s)
[7.493s] -- Generating done (0.2s)
[7.508s] -- Build files have been written to: /home/hazem-m-abdelaziz/ros2_ws/src/lidar_pose_estimator/build/lidar_pose_estimator
[7.533s] Invoked command in '/home/hazem-m-abdelaziz/ros2_ws/src/lidar_pose_estimator/build/lidar_pose_estimator' returned '0': CMAKE_PREFIX_PATH=${CMAKE_PREFIX_PATH}:/opt/ros/jazzy DEBUGINFOD_URLS=https://debuginfod.ubuntu.com /usr/bin/cmake /home/hazem-m-abdelaziz/ros2_ws/src/lidar_pose_estimator -DCMAKE_BUILD_TYPE=Release -DCMAKE_INSTALL_PREFIX=/home/hazem-m-abdelaziz/ros2_ws/src/lidar_pose_estimator/install/lidar_pose_estimator
[7.536s] Invoking command in '/home/hazem-m-abdelaziz/ros2_ws/src/lidar_pose_estimator/build/lidar_pose_estimator': CMAKE_PREFIX_PATH=${CMAKE_PREFIX_PATH}:/opt/ros/jazzy DEBUGINFOD_URLS=https://debuginfod.ubuntu.com /usr/bin/cmake --build /home/hazem-m-abdelaziz/ros2_ws/src/lidar_pose_estimator/build/lidar_pose_estimator -- -j8 -l8
[7.593s] [ 50%] [32mBuilding CXX object CMakeFiles/lidar_pose_estimator_node.dir/src/lidar_pose_estimator_node.cpp.o[0m
[46.506s] [100%] [32m[1mLinking CXX executable lidar_pose_estimator_node[0m
[49.701s] [100%] Built target lidar_pose_estimator_node
[49.716s] Invoked command in '/home/hazem-m-abdelaziz/ros2_ws/src/lidar_pose_estimator/build/lidar_pose_estimator' returned '0': CMAKE_PREFIX_PATH=${CMAKE_PREFIX_PATH}:/opt/ros/jazzy DEBUGINFOD_URLS=https://debuginfod.ubuntu.com /usr/bin/cmake --build /home/hazem-m-abdelaziz/ros2_ws/src/lidar_pose_estimator/build/lidar_pose_estimator -- -j8 -l8
[49.729s] Invoking command in '/home/hazem-m-abdelaziz/ros2_ws/src/lidar_pose_estimator/build/lidar_pose_estimator': CMAKE_PREFIX_PATH=${CMAKE_PREFIX_PATH}:/opt/ros/jazzy DEBUGINFOD_URLS=https://debuginfod.ubuntu.com /usr/bin/cmake --install /home/hazem-m-abdelaziz/ros2_ws/src/lidar_pose_estimator/build/lidar_pose_estimator
[49.739s] -- Install configuration: "Release"
[49.739s] -- Installing: /home/hazem-m-abdelaziz/ros2_ws/src/lidar_pose_estimator/install/lidar_pose_estimator/lib/lidar_pose_estimator/lidar_pose_estimator_node
[49.741s] -- Set non-toolchain portion of runtime path of "/home/hazem-m-abdelaziz/ros2_ws/src/lidar_pose_estimator/install/lidar_pose_estimator/lib/lidar_pose_estimator/lidar_pose_estimator_node" to ""
[49.741s] -- Installing: /home/hazem-m-abdelaziz/ros2_ws/src/lidar_pose_estimator/install/lidar_pose_estimator/share/ament_index/resource_index/package_run_dependencies/lidar_pose_estimator
[49.742s] -- Installing: /home/hazem-m-abdelaziz/ros2_ws/src/lidar_pose_estimator/install/lidar_pose_estimator/share/ament_index/resource_index/parent_prefix_path/lidar_pose_estimator
[49.742s] -- Installing: /home/hazem-m-abdelaziz/ros2_ws/src/lidar_pose_estimator/install/lidar_pose_estimator/share/lidar_pose_estimator/environment/ament_prefix_path.sh
[49.742s] -- Installing: /home/hazem-m-abdelaziz/ros2_ws/src/lidar_pose_estimator/install/lidar_pose_estimator/share/lidar_pose_estimator/environment/ament_prefix_path.dsv
[49.742s] -- Installing: /home/hazem-m-abdelaziz/ros2_ws/src/lidar_pose_estimator/install/lidar_pose_estimator/share/lidar_pose_estimator/environment/path.sh
[49.743s] -- Installing: /home/hazem-m-abdelaziz/ros2_ws/src/lidar_pose_estimator/install/lidar_pose_estimator/share/lidar_pose_estimator/environment/path.dsv
[49.743s] -- Installing: /home/hazem-m-abdelaziz/ros2_ws/src/lidar_pose_estimator/install/lidar_pose_estimator/share/lidar_pose_estimator/local_setup.bash
[49.743s] -- Installing: /home/hazem-m-abdelaziz/ros2_ws/src/lidar_pose_estimator/install/lidar_pose_estimator/share/lidar_pose_estimator/local_setup.sh
[49.743s] -- Installing: /home/hazem-m-abdelaziz/ros2_ws/src/lidar_pose_estimator/install/lidar_pose_estimator/share/lidar_pose_estimator/local_setup.zsh
[49.743s] -- Installing: /home/hazem-m-abdelaziz/ros2_ws/src/lidar_pose_estimator/install/lidar_pose_estimator/share/lidar_pose_estimator/local_setup.dsv
[49.744s] -- Installing: /home/hazem-m-abdelaziz/ros2_ws/src/lidar_pose_estimator/install/lidar_pose_estimator/share/lidar_pose_estimator/package.dsv
[49.744s] -- Installing: /home/hazem-m-abdelaziz/ros2_ws/src/lidar_pose_estimator/install/lidar_pose_estimator/share/ament_index/resource_index/packages/lidar_pose_estimator
[49.744s] -- Installing: /home/hazem-m-abdelaziz/ros2_ws/src/lidar_pose_estimator/install/lidar_pose_estimator/share/lidar_pose_estimator/cmake/lidar_pose_estimatorConfig.cmake
[49.744s] -- Installing: /home/hazem-m-abdelaziz/ros2_ws/src/lidar_pose_estimator/install/lidar_pose_estimator/share/lidar_pose_estimator/cmake/lidar_pose_estimatorConfig-version.cmake
[49.744s] -- Installing: /home/hazem-m-abdelaziz/ros2_ws/src/lidar_pose_estimator/install/lidar_pose_estimator/share/lidar_pose_estimator/package.xml
[49.747s] Invoked command in '/home/hazem-m-abdelaziz/ros2_ws/src/lidar_pose_estimator/build/lidar_pose_estimator' returned '0': CMAKE_PREFIX_PATH=${CMAKE_PREFIX_PATH}:/opt/ros/jazzy DEBUGINFOD_URLS=https://debuginfod.ubuntu.com /usr/bin/cmake --install /home/hazem-m-abdelaziz/ros2_ws/src/lidar_pose_estimator/build/lidar_pose_estimator
